<html>
<head>
<title>TestNG:  Default test(failed)</title>
<link href="../testng.css" rel="stylesheet" type="text/css" />
<link href="../my-testng.css" rel="stylesheet" type="text/css" />

<style type="text/css">
.log { display: none;} 
.stack-trace { display: none;} 
</style>
<script type="text/javascript">
<!--
function flip(e) {
  current = e.style.display;
  if (current == 'block') {
    e.style.display = 'none';
    return 0;
  }
  else {
    e.style.display = 'block';
    return 1;
  }
}

function toggleBox(szDivId, elem, msg1, msg2)
{
  var res = -1;  if (document.getElementById) {
    res = flip(document.getElementById(szDivId));
  }
  else if (document.all) {
    // this is the way old msie versions work
    res = flip(document.all[szDivId]);
  }
  if(elem) {
    if(res == 0) elem.innerHTML = msg1; else elem.innerHTML = msg2;
  }

}

function toggleAllBoxes() {
  if (document.getElementsByTagName) {
    d = document.getElementsByTagName('div');
    for (i = 0; i < d.length; i++) {
      if (d[i].className == 'log') {
        flip(d[i]);
      }
    }
  }
}

// -->
</script>

</head>
<body>
<h2 align='center'>Default test(failed)</h2><table border='1' align="center">
<tr>
<td>Tests passed/Failed/Skipped:</td><td>0/1/0</td>
</tr><tr>
<td>Started on:</td><td>Wed Jan 29 19:58:37 AEDT 2020</td>
</tr>
<tr><td>Total time:</td><td>15 seconds (15204 ms)</td>
</tr><tr>
<td>Included groups:</td><td></td>
</tr><tr>
<td>Excluded groups:</td><td></td>
</tr>
</table><p/>
<small><i>(Hover the method name to see the test class name)</i></small><p/>
<table width='100%' border='1' class='invocation-failed'>
<tr><td colspan='4' align='center'><b>FAILED TESTS</b></td></tr>
<tr><td><b>Test method</b></td>
<td width="30%"><b>Exception</b></td>
<td width="10%"><b>Time (seconds)</b></td>
<td><b>Instance</b></td>
</tr>
<tr>
<td title='runners.PositiveTest.feature()'><b>feature</b><br>Test class: runners.PositiveTest<br>Test method: Runs Cucumber Feature<br>Parameters: Acceptance testing to validate Standards payments Page is working.</td>
<td><div><pre>cucumber.runtime.CucumberException: org.openqa.selenium.SessionNotCreatedException: session not created
from chrome not reachable
  (Session info: chrome=79.0.3945.130)
Build info: version: &apos;3.141.59&apos;, revision: &apos;e82be7d358&apos;, time: &apos;2018-11-14T08:17:03&apos;
System info: host: &apos;LAPTOP-PSCBQVN3&apos;, ip: &apos;192.168.242.2&apos;, os.name: &apos;Windows 10&apos;, os.arch: &apos;amd64&apos;, os.version: &apos;10.0&apos;, java.version: &apos;1.8.0_202&apos;
Driver info: driver.version: SeleniumDriver
remote stacktrace: Backtrace:
	Ordinal0 [0x0051A113+1548563]
	Ordinal0 [0x0049DDA1+1039777]
	Ordinal0 [0x0041E32E+516910]
	Ordinal0 [0x00418012+491538]
	Ordinal0 [0x004186EB+493291]
	Ordinal0 [0x00419855+497749]
	Ordinal0 [0x00415885+481413]
	Ordinal0 [0x0041F0D0+520400]
	Ordinal0 [0x003CC030+180272]
	Ordinal0 [0x003CB59D+177565]
	Ordinal0 [0x003C95FB+169467]
	Ordinal0 [0x003B160A+71178]
	Ordinal0 [0x003B2690+75408]
	Ordinal0 [0x003B2629+75305]
	Ordinal0 [0x004B71B7+1143223]
	GetHandleVerifier [0x005B2B46+507814]
	GetHandleVerifier [0x005B2864+507076]
	GetHandleVerifier [0x005B9F47+537511]
	GetHandleVerifier [0x005B3402+510050]
	Ordinal0 [0x004AF29C+1110684]
	Ordinal0 [0x004B938B+1151883]
	Ordinal0 [0x004B94F3+1152243]
	Ordinal0 [0x004B83F5+1147893]
	BaseThreadInitThunk [0x76D66359+25]
	RtlGetAppContainerNamedObjectPath [0x77877B74+228]
	RtlGetAppContainerNamedObjectPath [0x77877B44+180]

	at cucumber.api.testng.TestNGCucumberRunner.runCucumber(TestNGCucumberRunner.java:69)
	at cucumber.api.testng.AbstractTestNGCucumberTests.feature(AbstractTestNGCucumberTests.java:21)
Caused by: org.openqa.selenium.SessionNotCreatedException: session not created
from chrome not reachable
  (Session info: chrome=79.0.3945.130)
Build info: version: &apos;3.141.59&apos;, revision: &apos;e82be7d358&apos;, time: &apos;2018-11-14T08:17:03&apos;
System info: host: &apos;LAPTOP-PSCBQVN3&apos;, ip: &apos;192.168.242.2&apos;, os.name: &apos;Windows 10&apos;, os.arch: &apos;amd64&apos;, os.version: &apos;10.0&apos;, java.version: &apos;1.8.0_202&apos;
Driver info: driver.version: SeleniumDriver
remote stacktrace: Backtrace:
	Ordinal0 [0x0051A113+1548563]
	Ordinal0 [0x0049DDA1+1039777]
	Ordinal0 [0x0041E32E+516910]
	Ordinal0 [0x00418012+491538]
	Ordinal0 [0x004186EB+493291]
	Ordinal0 [0x00419855+497749]
	Ordinal0 [0x00415885+481413]
	Ordinal0 [0x0041F0D0+520400]
	Ordinal0 [0x003CC030+180272]
	Ordinal0 [0x003CB59D+177565]
	Ordinal0 [0x003C95FB+169467]
	Ordinal0 [0x003B160A+71178]
	Ordinal0 [0x003B2690+75408]
	Ordinal0 [0x003B2629+75305]
	Ordinal0 [0x004B71B7+1143223]
	GetHandleVerifier [0x005B2B46+507814]
	GetHandleVerifier [0x005B2864+507076]
	GetHandleVerifier [0x005B9F47+537511]
	GetHandleVerifier [0x005B3402+510050]
	Ordinal0 [0x004AF29C+1110684]
	Ordinal0 [0x004B938B+1151883]
	Ordinal0 [0x004B94F3+1152243]
	Ordinal0 [0x004B83F5+1147893]
	BaseThreadInitThunk [0x76D66359+25]
	RtlGetAppContainerNamedObjectPath [0x77877B74+228]
	RtlGetAppContainerNamedObjectPath [0x77877B44+180]

	at org.openqa.selenium.remote.W3CHandshakeResponse.lambda$errorHandler$0(W3CHandshakeResponse.java:62)
	at org.openqa.selenium.remote.HandshakeResponse.lambda$getResponseFunction$0(HandshakeResponse.java:30)
	at org.openqa.selenium.remote.ProtocolHandshake.lambda$createSession$0(ProtocolHandshake.java:126)
	at java.util.stream.ReferencePipeline$3$1.accept(ReferencePipeline.java:193)
	at java.util.Spliterators$ArraySpliterator.tryAdvance(Spliterators.java:958)
	at java.util.stream.ReferencePipeline.forEachWithCancel(ReferencePipeline.java:126)
	at java.util.stream.AbstractPipeline.copyIntoWithCancel(AbstractPipeline.java:498)
	at java.util.stream.AbstractPipeline.copyInto(AbstractPipeline.java:485)
	at java.util.stream.AbstractPipeline.wrapAndCopyInto(AbstractPipeline.java:471)
	at java.util.stream.FindOps$FindOp.evaluateSequential(FindOps.java:152)
	at java.util.stream.AbstractPipeline.evaluate(AbstractPipeline.java:234)
	at java.util.stream.ReferencePipeline.findFirst(ReferencePipeline.java:464)
	at org.openqa.selenium.remote.ProtocolHandshake.createSession(ProtocolHandshake.java:128)
	at org.openqa.selenium.remote.ProtocolHandshake.createSession(ProtocolHandshake.java:74)
	at org.openqa.selenium.remote.HttpCommandExecutor.execute(HttpCommandExecutor.java:136)
	at org.openqa.selenium.remote.service.DriverCommandExecutor.execute(DriverCommandExecutor.java:83)
	at org.openqa.selenium.remote.RemoteWebDriver.execute(RemoteWebDriver.java:552)
	at org.openqa.selenium.remote.RemoteWebDriver.startSession(RemoteWebDriver.java:213)
	at org.openqa.selenium.remote.RemoteWebDriver.&lt;init&gt;(RemoteWebDriver.java:131)
	at org.openqa.selenium.chrome.ChromeDriver.&lt;init&gt;(ChromeDriver.java:181)
	at org.openqa.selenium.chrome.ChromeDriver.&lt;init&gt;(ChromeDriver.java:168)
	at org.openqa.selenium.chrome.ChromeDriver.&lt;init&gt;(ChromeDriver.java:123)
	at utils.SeleniumDriver.&lt;init&gt;(SeleniumDriver.java:29)
	at utils.SeleniumDriver.setUpDriver(SeleniumDriver.java:59)
	at steps.BeforeActions.setUp(BeforeActions.java:15)
	at cucumber.runtime.Utils$1.call(Utils.java:40)
	at cucumber.runtime.Timeout.timeout(Timeout.java:16)
	at cucumber.runtime.Utils.invoke(Utils.java:34)
	at cucumber.runtime.java.JavaHookDefinition.execute(JavaHookDefinition.java:60)
	at cucumber.runtime.Runtime.runHookIfTagsMatch(Runtime.java:224)
	at cucumber.runtime.Runtime.runHooks(Runtime.java:212)
	at cucumber.runtime.Runtime.runBeforeHooks(Runtime.java:202)
	at cucumber.runtime.model.CucumberScenario.run(CucumberScenario.java:40)
	at cucumber.runtime.model.CucumberFeature.run(CucumberFeature.java:165)
	at cucumber.api.testng.TestNGCucumberRunner.runCucumber(TestNGCucumberRunner.java:63)
	... 25 more
... Removed 32 stack frames</pre></div><a href='#' onClick='toggleBox("stack-trace1832657711", this, "Click to show all stack frames", "Click to hide stack frames")'>Click to show all stack frames</a>
<div class='stack-trace' id='stack-trace1832657711'><pre>cucumber.runtime.CucumberException: org.openqa.selenium.SessionNotCreatedException: session not created
from chrome not reachable
  (Session info: chrome=79.0.3945.130)
Build info: version: &apos;3.141.59&apos;, revision: &apos;e82be7d358&apos;, time: &apos;2018-11-14T08:17:03&apos;
System info: host: &apos;LAPTOP-PSCBQVN3&apos;, ip: &apos;192.168.242.2&apos;, os.name: &apos;Windows 10&apos;, os.arch: &apos;amd64&apos;, os.version: &apos;10.0&apos;, java.version: &apos;1.8.0_202&apos;
Driver info: driver.version: SeleniumDriver
remote stacktrace: Backtrace:
	Ordinal0 [0x0051A113+1548563]
	Ordinal0 [0x0049DDA1+1039777]
	Ordinal0 [0x0041E32E+516910]
	Ordinal0 [0x00418012+491538]
	Ordinal0 [0x004186EB+493291]
	Ordinal0 [0x00419855+497749]
	Ordinal0 [0x00415885+481413]
	Ordinal0 [0x0041F0D0+520400]
	Ordinal0 [0x003CC030+180272]
	Ordinal0 [0x003CB59D+177565]
	Ordinal0 [0x003C95FB+169467]
	Ordinal0 [0x003B160A+71178]
	Ordinal0 [0x003B2690+75408]
	Ordinal0 [0x003B2629+75305]
	Ordinal0 [0x004B71B7+1143223]
	GetHandleVerifier [0x005B2B46+507814]
	GetHandleVerifier [0x005B2864+507076]
	GetHandleVerifier [0x005B9F47+537511]
	GetHandleVerifier [0x005B3402+510050]
	Ordinal0 [0x004AF29C+1110684]
	Ordinal0 [0x004B938B+1151883]
	Ordinal0 [0x004B94F3+1152243]
	Ordinal0 [0x004B83F5+1147893]
	BaseThreadInitThunk [0x76D66359+25]
	RtlGetAppContainerNamedObjectPath [0x77877B74+228]
	RtlGetAppContainerNamedObjectPath [0x77877B44+180]

	at cucumber.api.testng.TestNGCucumberRunner.runCucumber(TestNGCucumberRunner.java:69)
	at cucumber.api.testng.AbstractTestNGCucumberTests.feature(AbstractTestNGCucumberTests.java:21)
	at sun.reflect.NativeMethodAccessorImpl.invoke0(Native Method)
	at sun.reflect.NativeMethodAccessorImpl.invoke(NativeMethodAccessorImpl.java:62)
	at sun.reflect.DelegatingMethodAccessorImpl.invoke(DelegatingMethodAccessorImpl.java:43)
	at java.lang.reflect.Method.invoke(Method.java:498)
	at org.testng.internal.MethodInvocationHelper.invokeMethod(MethodInvocationHelper.java:86)
	at org.testng.internal.Invoker.invokeMethod(Invoker.java:643)
	at org.testng.internal.Invoker.invokeTestMethod(Invoker.java:820)
	at org.testng.internal.Invoker.invokeTestMethods(Invoker.java:1128)
	at org.testng.internal.TestMethodWorker.invokeTestMethods(TestMethodWorker.java:129)
	at org.testng.internal.TestMethodWorker.run(TestMethodWorker.java:112)
	at org.testng.TestRunner.privateRun(TestRunner.java:782)
	at org.testng.TestRunner.run(TestRunner.java:632)
	at org.testng.SuiteRunner.runTest(SuiteRunner.java:366)
	at org.testng.SuiteRunner.runSequentially(SuiteRunner.java:361)
	at org.testng.SuiteRunner.privateRun(SuiteRunner.java:319)
	at org.testng.SuiteRunner.run(SuiteRunner.java:268)
	at org.testng.SuiteRunnerWorker.runSuite(SuiteRunnerWorker.java:52)
	at org.testng.SuiteRunnerWorker.run(SuiteRunnerWorker.java:86)
	at org.testng.TestNG.runSuitesSequentially(TestNG.java:1244)
	at org.testng.TestNG.runSuitesLocally(TestNG.java:1169)
	at org.testng.TestNG.run(TestNG.java:1064)
	at org.testng.remote.AbstractRemoteTestNG.run(AbstractRemoteTestNG.java:115)
	at org.testng.remote.RemoteTestNG.initAndRun(RemoteTestNG.java:251)
	at org.testng.remote.RemoteTestNG.main(RemoteTestNG.java:77)
Caused by: org.openqa.selenium.SessionNotCreatedException: session not created
from chrome not reachable
  (Session info: chrome=79.0.3945.130)
Build info: version: &apos;3.141.59&apos;, revision: &apos;e82be7d358&apos;, time: &apos;2018-11-14T08:17:03&apos;
System info: host: &apos;LAPTOP-PSCBQVN3&apos;, ip: &apos;192.168.242.2&apos;, os.name: &apos;Windows 10&apos;, os.arch: &apos;amd64&apos;, os.version: &apos;10.0&apos;, java.version: &apos;1.8.0_202&apos;
Driver info: driver.version: SeleniumDriver
remote stacktrace: Backtrace:
	Ordinal0 [0x0051A113+1548563]
	Ordinal0 [0x0049DDA1+1039777]
	Ordinal0 [0x0041E32E+516910]
	Ordinal0 [0x00418012+491538]
	Ordinal0 [0x004186EB+493291]
	Ordinal0 [0x00419855+497749]
	Ordinal0 [0x00415885+481413]
	Ordinal0 [0x0041F0D0+520400]
	Ordinal0 [0x003CC030+180272]
	Ordinal0 [0x003CB59D+177565]
	Ordinal0 [0x003C95FB+169467]
	Ordinal0 [0x003B160A+71178]
	Ordinal0 [0x003B2690+75408]
	Ordinal0 [0x003B2629+75305]
	Ordinal0 [0x004B71B7+1143223]
	GetHandleVerifier [0x005B2B46+507814]
	GetHandleVerifier [0x005B2864+507076]
	GetHandleVerifier [0x005B9F47+537511]
	GetHandleVerifier [0x005B3402+510050]
	Ordinal0 [0x004AF29C+1110684]
	Ordinal0 [0x004B938B+1151883]
	Ordinal0 [0x004B94F3+1152243]
	Ordinal0 [0x004B83F5+1147893]
	BaseThreadInitThunk [0x76D66359+25]
	RtlGetAppContainerNamedObjectPath [0x77877B74+228]
	RtlGetAppContainerNamedObjectPath [0x77877B44+180]

	at sun.reflect.NativeConstructorAccessorImpl.newInstance0(Native Method)
	at sun.reflect.NativeConstructorAccessorImpl.newInstance(NativeConstructorAccessorImpl.java:62)
	at sun.reflect.DelegatingConstructorAccessorImpl.newInstance(DelegatingConstructorAccessorImpl.java:45)
	at java.lang.reflect.Constructor.newInstance(Constructor.java:423)
	at org.openqa.selenium.remote.W3CHandshakeResponse.lambda$errorHandler$0(W3CHandshakeResponse.java:62)
	at org.openqa.selenium.remote.HandshakeResponse.lambda$getResponseFunction$0(HandshakeResponse.java:30)
	at org.openqa.selenium.remote.ProtocolHandshake.lambda$createSession$0(ProtocolHandshake.java:126)
	at java.util.stream.ReferencePipeline$3$1.accept(ReferencePipeline.java:193)
	at java.util.Spliterators$ArraySpliterator.tryAdvance(Spliterators.java:958)
	at java.util.stream.ReferencePipeline.forEachWithCancel(ReferencePipeline.java:126)
	at java.util.stream.AbstractPipeline.copyIntoWithCancel(AbstractPipeline.java:498)
	at java.util.stream.AbstractPipeline.copyInto(AbstractPipeline.java:485)
	at java.util.stream.AbstractPipeline.wrapAndCopyInto(AbstractPipeline.java:471)
	at java.util.stream.FindOps$FindOp.evaluateSequential(FindOps.java:152)
	at java.util.stream.AbstractPipeline.evaluate(AbstractPipeline.java:234)
	at java.util.stream.ReferencePipeline.findFirst(ReferencePipeline.java:464)
	at org.openqa.selenium.remote.ProtocolHandshake.createSession(ProtocolHandshake.java:128)
	at org.openqa.selenium.remote.ProtocolHandshake.createSession(ProtocolHandshake.java:74)
	at org.openqa.selenium.remote.HttpCommandExecutor.execute(HttpCommandExecutor.java:136)
	at org.openqa.selenium.remote.service.DriverCommandExecutor.execute(DriverCommandExecutor.java:83)
	at org.openqa.selenium.remote.RemoteWebDriver.execute(RemoteWebDriver.java:552)
	at org.openqa.selenium.remote.RemoteWebDriver.startSession(RemoteWebDriver.java:213)
	at org.openqa.selenium.remote.RemoteWebDriver.&lt;init&gt;(RemoteWebDriver.java:131)
	at org.openqa.selenium.chrome.ChromeDriver.&lt;init&gt;(ChromeDriver.java:181)
	at org.openqa.selenium.chrome.ChromeDriver.&lt;init&gt;(ChromeDriver.java:168)
	at org.openqa.selenium.chrome.ChromeDriver.&lt;init&gt;(ChromeDriver.java:123)
	at utils.SeleniumDriver.&lt;init&gt;(SeleniumDriver.java:29)
	at utils.SeleniumDriver.setUpDriver(SeleniumDriver.java:59)
	at steps.BeforeActions.setUp(BeforeActions.java:15)
	at sun.reflect.NativeMethodAccessorImpl.invoke0(Native Method)
	at sun.reflect.NativeMethodAccessorImpl.invoke(NativeMethodAccessorImpl.java:62)
	at sun.reflect.DelegatingMethodAccessorImpl.invoke(DelegatingMethodAccessorImpl.java:43)
	at java.lang.reflect.Method.invoke(Method.java:498)
	at cucumber.runtime.Utils$1.call(Utils.java:40)
	at cucumber.runtime.Timeout.timeout(Timeout.java:16)
	at cucumber.runtime.Utils.invoke(Utils.java:34)
	at cucumber.runtime.java.JavaHookDefinition.execute(JavaHookDefinition.java:60)
	at cucumber.runtime.Runtime.runHookIfTagsMatch(Runtime.java:224)
	at cucumber.runtime.Runtime.runHooks(Runtime.java:212)
	at cucumber.runtime.Runtime.runBeforeHooks(Runtime.java:202)
	at cucumber.runtime.model.CucumberScenario.run(CucumberScenario.java:40)
	at cucumber.runtime.model.CucumberFeature.run(CucumberFeature.java:165)
	at cucumber.api.testng.TestNGCucumberRunner.runCucumber(TestNGCucumberRunner.java:63)
	... 25 more
</pre></div></td>
<td>15</td>
<td>runners.PositiveTest@e45f292</td></tr>
</table><p>
</body>
</html>