<?xml version="1.0" encoding="UTF-8"?>
<!-- Generated by org.testng.reporters.JUnitXMLReporter -->
<testsuite hostname="LAPTOP-PSCBQVN3" name="Default test(failed)" tests="1" failures="1" timestamp="29 Jan 2020 08:58:53 GMT" time="15.204" errors="0">
  <testcase name="feature" time="15.149" classname="runners.PositiveTest">
    <failure type="cucumber.runtime.CucumberException" message="org.openqa.selenium.SessionNotCreatedException: session not created
from chrome not reachable
  (Session info: chrome=79.0.3945.130)
Build info: version: &amp;apos;3.141.59&amp;apos;, revision: &amp;apos;e82be7d358&amp;apos;, time: &amp;apos;2018-11-14T08:17:03&amp;apos;
System info: host: &amp;apos;LAPTOP-PSCBQVN3&amp;apos;, ip: &amp;apos;192.168.242.2&amp;apos;, os.name: &amp;apos;Windows 10&amp;apos;, os.arch: &amp;apos;amd64&amp;apos;, os.version: &amp;apos;10.0&amp;apos;, java.version: &amp;apos;1.8.0_202&amp;apos;
Driver info: driver.version: SeleniumDriver
remote stacktrace: Backtrace:
	Ordinal0 [0x0051A113+1548563]
	Ordinal0 [0x0049DDA1+1039777]
	Ordinal0 [0x0041E32E+516910]
	Ordinal0 [0x00418012+491538]
	Ordinal0 [0x004186EB+493291]
	Ordinal0 [0x00419855+497749]
	Ordinal0 [0x00415885+481413]
	Ordinal0 [0x0041F0D0+520400]
	Ordinal0 [0x003CC030+180272]
	Ordinal0 [0x003CB59D+177565]
	Ordinal0 [0x003C95FB+169467]
	Ordinal0 [0x003B160A+71178]
	Ordinal0 [0x003B2690+75408]
	Ordinal0 [0x003B2629+75305]
	Ordinal0 [0x004B71B7+1143223]
	GetHandleVerifier [0x005B2B46+507814]
	GetHandleVerifier [0x005B2864+507076]
	GetHandleVerifier [0x005B9F47+537511]
	GetHandleVerifier [0x005B3402+510050]
	Ordinal0 [0x004AF29C+1110684]
	Ordinal0 [0x004B938B+1151883]
	Ordinal0 [0x004B94F3+1152243]
	Ordinal0 [0x004B83F5+1147893]
	BaseThreadInitThunk [0x76D66359+25]
	RtlGetAppContainerNamedObjectPath [0x77877B74+228]
	RtlGetAppContainerNamedObjectPath [0x77877B44+180]
">
      <![CDATA[cucumber.runtime.CucumberException: org.openqa.selenium.SessionNotCreatedException: session not created
from chrome not reachable
  (Session info: chrome=79.0.3945.130)
Build info: version: '3.141.59', revision: 'e82be7d358', time: '2018-11-14T08:17:03'
System info: host: 'LAPTOP-PSCBQVN3', ip: '192.168.242.2', os.name: 'Windows 10', os.arch: 'amd64', os.version: '10.0', java.version: '1.8.0_202'
Driver info: driver.version: SeleniumDriver
remote stacktrace: Backtrace:
	Ordinal0 [0x0051A113+1548563]
	Ordinal0 [0x0049DDA1+1039777]
	Ordinal0 [0x0041E32E+516910]
	Ordinal0 [0x00418012+491538]
	Ordinal0 [0x004186EB+493291]
	Ordinal0 [0x00419855+497749]
	Ordinal0 [0x00415885+481413]
	Ordinal0 [0x0041F0D0+520400]
	Ordinal0 [0x003CC030+180272]
	Ordinal0 [0x003CB59D+177565]
	Ordinal0 [0x003C95FB+169467]
	Ordinal0 [0x003B160A+71178]
	Ordinal0 [0x003B2690+75408]
	Ordinal0 [0x003B2629+75305]
	Ordinal0 [0x004B71B7+1143223]
	GetHandleVerifier [0x005B2B46+507814]
	GetHandleVerifier [0x005B2864+507076]
	GetHandleVerifier [0x005B9F47+537511]
	GetHandleVerifier [0x005B3402+510050]
	Ordinal0 [0x004AF29C+1110684]
	Ordinal0 [0x004B938B+1151883]
	Ordinal0 [0x004B94F3+1152243]
	Ordinal0 [0x004B83F5+1147893]
	BaseThreadInitThunk [0x76D66359+25]
	RtlGetAppContainerNamedObjectPath [0x77877B74+228]
	RtlGetAppContainerNamedObjectPath [0x77877B44+180]

	at cucumber.api.testng.TestNGCucumberRunner.runCucumber(TestNGCucumberRunner.java:69)
	at cucumber.api.testng.AbstractTestNGCucumberTests.feature(AbstractTestNGCucumberTests.java:21)
Caused by: org.openqa.selenium.SessionNotCreatedException: session not created
from chrome not reachable
  (Session info: chrome=79.0.3945.130)
Build info: version: '3.141.59', revision: 'e82be7d358', time: '2018-11-14T08:17:03'
System info: host: 'LAPTOP-PSCBQVN3', ip: '192.168.242.2', os.name: 'Windows 10', os.arch: 'amd64', os.version: '10.0', java.version: '1.8.0_202'
Driver info: driver.version: SeleniumDriver
remote stacktrace: Backtrace:
	Ordinal0 [0x0051A113+1548563]
	Ordinal0 [0x0049DDA1+1039777]
	Ordinal0 [0x0041E32E+516910]
	Ordinal0 [0x00418012+491538]
	Ordinal0 [0x004186EB+493291]
	Ordinal0 [0x00419855+497749]
	Ordinal0 [0x00415885+481413]
	Ordinal0 [0x0041F0D0+520400]
	Ordinal0 [0x003CC030+180272]
	Ordinal0 [0x003CB59D+177565]
	Ordinal0 [0x003C95FB+169467]
	Ordinal0 [0x003B160A+71178]
	Ordinal0 [0x003B2690+75408]
	Ordinal0 [0x003B2629+75305]
	Ordinal0 [0x004B71B7+1143223]
	GetHandleVerifier [0x005B2B46+507814]
	GetHandleVerifier [0x005B2864+507076]
	GetHandleVerifier [0x005B9F47+537511]
	GetHandleVerifier [0x005B3402+510050]
	Ordinal0 [0x004AF29C+1110684]
	Ordinal0 [0x004B938B+1151883]
	Ordinal0 [0x004B94F3+1152243]
	Ordinal0 [0x004B83F5+1147893]
	BaseThreadInitThunk [0x76D66359+25]
	RtlGetAppContainerNamedObjectPath [0x77877B74+228]
	RtlGetAppContainerNamedObjectPath [0x77877B44+180]

	at org.openqa.selenium.remote.W3CHandshakeResponse.lambda$errorHandler$0(W3CHandshakeResponse.java:62)
	at org.openqa.selenium.remote.HandshakeResponse.lambda$getResponseFunction$0(HandshakeResponse.java:30)
	at org.openqa.selenium.remote.ProtocolHandshake.lambda$createSession$0(ProtocolHandshake.java:126)
	at java.util.stream.ReferencePipeline$3$1.accept(ReferencePipeline.java:193)
	at java.util.Spliterators$ArraySpliterator.tryAdvance(Spliterators.java:958)
	at java.util.stream.ReferencePipeline.forEachWithCancel(ReferencePipeline.java:126)
	at java.util.stream.AbstractPipeline.copyIntoWithCancel(AbstractPipeline.java:498)
	at java.util.stream.AbstractPipeline.copyInto(AbstractPipeline.java:485)
	at java.util.stream.AbstractPipeline.wrapAndCopyInto(AbstractPipeline.java:471)
	at java.util.stream.FindOps$FindOp.evaluateSequential(FindOps.java:152)
	at java.util.stream.AbstractPipeline.evaluate(AbstractPipeline.java:234)
	at java.util.stream.ReferencePipeline.findFirst(ReferencePipeline.java:464)
	at org.openqa.selenium.remote.ProtocolHandshake.createSession(ProtocolHandshake.java:128)
	at org.openqa.selenium.remote.ProtocolHandshake.createSession(ProtocolHandshake.java:74)
	at org.openqa.selenium.remote.HttpCommandExecutor.execute(HttpCommandExecutor.java:136)
	at org.openqa.selenium.remote.service.DriverCommandExecutor.execute(DriverCommandExecutor.java:83)
	at org.openqa.selenium.remote.RemoteWebDriver.execute(RemoteWebDriver.java:552)
	at org.openqa.selenium.remote.RemoteWebDriver.startSession(RemoteWebDriver.java:213)
	at org.openqa.selenium.remote.RemoteWebDriver.<init>(RemoteWebDriver.java:131)
	at org.openqa.selenium.chrome.ChromeDriver.<init>(ChromeDriver.java:181)
	at org.openqa.selenium.chrome.ChromeDriver.<init>(ChromeDriver.java:168)
	at org.openqa.selenium.chrome.ChromeDriver.<init>(ChromeDriver.java:123)
	at utils.SeleniumDriver.<init>(SeleniumDriver.java:29)
	at utils.SeleniumDriver.setUpDriver(SeleniumDriver.java:59)
	at steps.BeforeActions.setUp(BeforeActions.java:15)
	at cucumber.runtime.Utils$1.call(Utils.java:40)
	at cucumber.runtime.Timeout.timeout(Timeout.java:16)
	at cucumber.runtime.Utils.invoke(Utils.java:34)
	at cucumber.runtime.java.JavaHookDefinition.execute(JavaHookDefinition.java:60)
	at cucumber.runtime.Runtime.runHookIfTagsMatch(Runtime.java:224)
	at cucumber.runtime.Runtime.runHooks(Runtime.java:212)
	at cucumber.runtime.Runtime.runBeforeHooks(Runtime.java:202)
	at cucumber.runtime.model.CucumberScenario.run(CucumberScenario.java:40)
	at cucumber.runtime.model.CucumberFeature.run(CucumberFeature.java:165)
	at cucumber.api.testng.TestNGCucumberRunner.runCucumber(TestNGCucumberRunner.java:63)
	... 25 more
... Removed 32 stack frames]]>
    </failure>
  </testcase> <!-- feature -->
</testsuite> <!-- Default test(failed) -->
